<?xml version="1.0" encoding="UTF-8"?>
<!-- Generated by org.testng.reporters.JUnitReportReporter -->
<testsuite hostname="DESKTOP-167RH8K" failures="0" tests="1" name="Orange_HRM_Test.Orange_HRM_Test" time="9.236" errors="0" timestamp="2024-04-09T11:00:29 IST" skipped="0">
  <testcase classname="Orange_HRM_Test.Orange_HRM_Test" name="Test" time="9.236"/>
  <system-out/>
</testsuite> <!-- Orange_HRM_Test.Orange_HRM_Test -->
