<?xml version="1.0" encoding="UTF-8"?>
<!-- Generated by org.testng.reporters.JUnitReportReporter -->
<testsuite hostname="DESKTOP-167RH8K" failures="0" tests="1" name="Project_Test.Project_Test" time="6.740" errors="0" timestamp="2024-04-09T09:27:11 IST" skipped="0">
  <testcase classname="Project_Test.Project_Test" name="Test" time="6.740"/>
  <system-out/>
</testsuite> <!-- Project_Test.Project_Test -->
