<?xml version="1.0" encoding="UTF-8"?>
<!-- Generated by org.testng.reporters.JUnitReportReporter -->
<testsuite hostname="DESKTOP-167RH8K" failures="0" tests="2" name="NOP_Commerce_Test.NOP_Commerce_Test" time="45.504" errors="0" timestamp="2024-04-10T14:04:17 IST" skipped="0">
  <testcase classname="NOP_Commerce_Test.NOP_Commerce_Test" name="Add_Catagory" time="13.825"/>
  <system-out/>
  <testcase classname="NOP_Commerce_Test.NOP_Commerce_Test" name="Add_Customer" time="31.679"/>
  <system-out/>
</testsuite> <!-- NOP_Commerce_Test.NOP_Commerce_Test -->
