<?xml version="1.0" encoding="UTF-8"?>
<!-- Generated by org.testng.reporters.JUnitReportReporter -->
<testsuite hostname="DESKTOP-167RH8K" failures="0" tests="1" name="MavenProject.FabIndiaMaven" time="32.173" errors="0" timestamp="2024-03-07T13:45:24 IST" skipped="0">
  <testcase classname="MavenProject.FabIndiaMaven" name="Test" time="32.173"/>
  <system-out/>
</testsuite> <!-- MavenProject.FabIndiaMaven -->
